  fir.cpp
C:\Users\刘博瑞\OneDrive\桌面\大作业\FIR\FIR\FIR\fir.cpp(7,13): error C2365: “y1”: 重定义；以前的定义是“函数”
  C:\Program Files (x86)\Windows Kits\10\Include\10.0.22621.0\ucrt\corecrt_math.h(993,76):
  参见“y1”的声明
  
C:\Users\刘博瑞\OneDrive\桌面\大作业\FIR\FIR\FIR\fir.cpp(68,6): error C2660: “CheckWin”: 函数不接受 1 个参数
  C:\Users\刘博瑞\OneDrive\桌面\大作业\FIR\FIR\FIR\fir.cpp(29,6):
  参见“CheckWin”的声明
  C:\Users\刘博瑞\OneDrive\桌面\大作业\FIR\FIR\FIR\fir.cpp(68,6):
  尝试匹配参数列表“(char)”时
  
C:\Users\刘博瑞\OneDrive\桌面\大作业\FIR\FIR\FIR\fir.cpp(125,8): error C2659: “=”: 作为左操作数
C:\Users\刘博瑞\OneDrive\桌面\大作业\FIR\FIR\FIR\fir.cpp(126,13): error C2107: 非法索引，不允许间接寻址
C:\Users\刘博瑞\OneDrive\桌面\大作业\FIR\FIR\FIR\fir.cpp(128,10): error C2107: 非法索引，不允许间接寻址
C:\Users\刘博瑞\OneDrive\桌面\大作业\FIR\FIR\FIR\fir.cpp(135,7): error C2664: “bool CheckWin(char,int,int)”: 无法将参数 3 从“double (__cdecl *)(double)”转换为“int”
  C:\Users\刘博瑞\OneDrive\桌面\大作业\FIR\FIR\FIR\fir.cpp(135,23):
  没有使该转换得以执行的上下文
  C:\Users\刘博瑞\OneDrive\桌面\大作业\FIR\FIR\FIR\fir.cpp(29,6):
  参见“CheckWin”的声明
  C:\Users\刘博瑞\OneDrive\桌面\大作业\FIR\FIR\FIR\fir.cpp(135,7):
  尝试匹配参数列表“(char, int, overloaded-function)”时
  
C:\Users\刘博瑞\OneDrive\桌面\大作业\FIR\FIR\FIR\fir.cpp(141,7): error C2664: “bool CheckWin(char,int,int)”: 无法将参数 3 从“double (__cdecl *)(double)”转换为“int”
  C:\Users\刘博瑞\OneDrive\桌面\大作业\FIR\FIR\FIR\fir.cpp(141,23):
  没有使该转换得以执行的上下文
  C:\Users\刘博瑞\OneDrive\桌面\大作业\FIR\FIR\FIR\fir.cpp(29,6):
  参见“CheckWin”的声明
  C:\Users\刘博瑞\OneDrive\桌面\大作业\FIR\FIR\FIR\fir.cpp(141,7):
  尝试匹配参数列表“(char, int, overloaded-function)”时
  
